ARM GAS  C:\Users\Mark\AppData\Local\Temp\cceVPo2d.s 			page 1


   1              		.syntax unified
   2              		.cpu cortex-m3
   3              		.fpu softvfp
   4              		.eabi_attribute 20, 1
   5              		.eabi_attribute 21, 1
   6              		.eabi_attribute 23, 3
   7              		.eabi_attribute 24, 1
   8              		.eabi_attribute 25, 1
   9              		.eabi_attribute 26, 1
  10              		.eabi_attribute 30, 6
  11              		.eabi_attribute 34, 1
  12              		.eabi_attribute 18, 4
  13              		.thumb
  14              		.file	"ADC_SAR_Seq_1_SAR_INT.c"
  15              		.text
  16              	.Ltext0:
  17              		.cfi_sections	.debug_frame
  18              	.Letext0:
  19              		.section	.debug_info,"",%progbits
  20              	.Ldebug_info0:
  21 0000 75000000 		.4byte	0x75
  22 0004 0200     		.2byte	0x2
  23 0006 00000000 		.4byte	.Ldebug_abbrev0
  24 000a 04       		.byte	0x4
  25 000b 01       		.uleb128 0x1
  26 000c B2000000 		.4byte	.LASF12
  27 0010 01       		.byte	0x1
  28 0011 64000000 		.4byte	.LASF13
  29 0015 04010000 		.4byte	.LASF14
  30 0019 00000000 		.4byte	.Ldebug_line0
  31 001d 02       		.uleb128 0x2
  32 001e 01       		.byte	0x1
  33 001f 06       		.byte	0x6
  34 0020 48010000 		.4byte	.LASF0
  35 0024 02       		.uleb128 0x2
  36 0025 01       		.byte	0x1
  37 0026 08       		.byte	0x8
  38 0027 06000000 		.4byte	.LASF1
  39 002b 02       		.uleb128 0x2
  40 002c 02       		.byte	0x2
  41 002d 05       		.byte	0x5
  42 002e A8000000 		.4byte	.LASF2
  43 0032 02       		.uleb128 0x2
  44 0033 02       		.byte	0x2
  45 0034 07       		.byte	0x7
  46 0035 26000000 		.4byte	.LASF3
  47 0039 02       		.uleb128 0x2
  48 003a 04       		.byte	0x4
  49 003b 05       		.byte	0x5
  50 003c FB000000 		.4byte	.LASF4
  51 0040 02       		.uleb128 0x2
  52 0041 04       		.byte	0x4
  53 0042 07       		.byte	0x7
  54 0043 14000000 		.4byte	.LASF5
  55 0047 02       		.uleb128 0x2
  56 0048 08       		.byte	0x8
  57 0049 05       		.byte	0x5
ARM GAS  C:\Users\Mark\AppData\Local\Temp\cceVPo2d.s 			page 2


  58 004a 95000000 		.4byte	.LASF6
  59 004e 02       		.uleb128 0x2
  60 004f 08       		.byte	0x8
  61 0050 07       		.byte	0x7
  62 0051 4D000000 		.4byte	.LASF7
  63 0055 03       		.uleb128 0x3
  64 0056 04       		.byte	0x4
  65 0057 05       		.byte	0x5
  66 0058 696E7400 		.ascii	"int\000"
  67 005c 02       		.uleb128 0x2
  68 005d 04       		.byte	0x4
  69 005e 07       		.byte	0x7
  70 005f 40000000 		.4byte	.LASF8
  71 0063 02       		.uleb128 0x2
  72 0064 04       		.byte	0x4
  73 0065 04       		.byte	0x4
  74 0066 00000000 		.4byte	.LASF9
  75 006a 02       		.uleb128 0x2
  76 006b 08       		.byte	0x8
  77 006c 04       		.byte	0x4
  78 006d 39000000 		.4byte	.LASF10
  79 0071 02       		.uleb128 0x2
  80 0072 01       		.byte	0x1
  81 0073 08       		.byte	0x8
  82 0074 A3000000 		.4byte	.LASF11
  83 0078 00       		.byte	0
  84              		.section	.debug_abbrev,"",%progbits
  85              	.Ldebug_abbrev0:
  86 0000 01       		.uleb128 0x1
  87 0001 11       		.uleb128 0x11
  88 0002 01       		.byte	0x1
  89 0003 25       		.uleb128 0x25
  90 0004 0E       		.uleb128 0xe
  91 0005 13       		.uleb128 0x13
  92 0006 0B       		.uleb128 0xb
  93 0007 03       		.uleb128 0x3
  94 0008 0E       		.uleb128 0xe
  95 0009 1B       		.uleb128 0x1b
  96 000a 0E       		.uleb128 0xe
  97 000b 10       		.uleb128 0x10
  98 000c 06       		.uleb128 0x6
  99 000d 00       		.byte	0
 100 000e 00       		.byte	0
 101 000f 02       		.uleb128 0x2
 102 0010 24       		.uleb128 0x24
 103 0011 00       		.byte	0
 104 0012 0B       		.uleb128 0xb
 105 0013 0B       		.uleb128 0xb
 106 0014 3E       		.uleb128 0x3e
 107 0015 0B       		.uleb128 0xb
 108 0016 03       		.uleb128 0x3
 109 0017 0E       		.uleb128 0xe
 110 0018 00       		.byte	0
 111 0019 00       		.byte	0
 112 001a 03       		.uleb128 0x3
 113 001b 24       		.uleb128 0x24
 114 001c 00       		.byte	0
ARM GAS  C:\Users\Mark\AppData\Local\Temp\cceVPo2d.s 			page 3


 115 001d 0B       		.uleb128 0xb
 116 001e 0B       		.uleb128 0xb
 117 001f 3E       		.uleb128 0x3e
 118 0020 0B       		.uleb128 0xb
 119 0021 03       		.uleb128 0x3
 120 0022 08       		.uleb128 0x8
 121 0023 00       		.byte	0
 122 0024 00       		.byte	0
 123 0025 00       		.byte	0
 124              		.section	.debug_aranges,"",%progbits
 125 0000 14000000 		.4byte	0x14
 126 0004 0200     		.2byte	0x2
 127 0006 00000000 		.4byte	.Ldebug_info0
 128 000a 04       		.byte	0x4
 129 000b 00       		.byte	0
 130 000c 0000     		.2byte	0
 131 000e 0000     		.2byte	0
 132 0010 00000000 		.4byte	0
 133 0014 00000000 		.4byte	0
 134              		.section	.debug_line,"",%progbits
 135              	.Ldebug_line0:
 136 0000 19000000 		.section	.debug_str,"MS",%progbits,1
 136      02001300 
 136      00000201 
 136      FB0E0D00 
 136      01010101 
 137              	.LASF9:
 138 0000 666C6F61 		.ascii	"float\000"
 138      7400
 139              	.LASF1:
 140 0006 756E7369 		.ascii	"unsigned char\000"
 140      676E6564 
 140      20636861 
 140      7200
 141              	.LASF5:
 142 0014 6C6F6E67 		.ascii	"long unsigned int\000"
 142      20756E73 
 142      69676E65 
 142      6420696E 
 142      7400
 143              	.LASF3:
 144 0026 73686F72 		.ascii	"short unsigned int\000"
 144      7420756E 
 144      7369676E 
 144      65642069 
 144      6E7400
 145              	.LASF10:
 146 0039 646F7562 		.ascii	"double\000"
 146      6C6500
 147              	.LASF8:
 148 0040 756E7369 		.ascii	"unsigned int\000"
 148      676E6564 
 148      20696E74 
 148      00
 149              	.LASF7:
 150 004d 6C6F6E67 		.ascii	"long long unsigned int\000"
 150      206C6F6E 
ARM GAS  C:\Users\Mark\AppData\Local\Temp\cceVPo2d.s 			page 4


 150      6720756E 
 150      7369676E 
 150      65642069 
 151              	.LASF13:
 152 0064 2E5C4765 		.ascii	".\\Generated_Source\\PSoC5\\ADC_SAR_Seq_1_SAR_INT.c"
 152      6E657261 
 152      7465645F 
 152      536F7572 
 152      63655C50 
 153 0094 00       		.ascii	"\000"
 154              	.LASF6:
 155 0095 6C6F6E67 		.ascii	"long long int\000"
 155      206C6F6E 
 155      6720696E 
 155      7400
 156              	.LASF11:
 157 00a3 63686172 		.ascii	"char\000"
 157      00
 158              	.LASF2:
 159 00a8 73686F72 		.ascii	"short int\000"
 159      7420696E 
 159      7400
 160              	.LASF12:
 161 00b2 474E5520 		.ascii	"GNU C 4.7.3 20130312 (release) [ARM/embedded-4_7-br"
 161      4320342E 
 161      372E3320 
 161      32303133 
 161      30333132 
 162 00e5 616E6368 		.ascii	"anch revision 196615]\000"
 162      20726576 
 162      6973696F 
 162      6E203139 
 162      36363135 
 163              	.LASF4:
 164 00fb 6C6F6E67 		.ascii	"long int\000"
 164      20696E74 
 164      00
 165              	.LASF14:
 166 0104 433A5C55 		.ascii	"C:\\Users\\Mark\\Documents\\Capstone\\PSoCCreatorWo"
 166      73657273 
 166      5C4D6172 
 166      6B5C446F 
 166      63756D65 
 167 0132 726B696E 		.ascii	"rking\\PSoC_2_Pi.cydsn\000"
 167      675C5053 
 167      6F435F32 
 167      5F50692E 
 167      63796473 
 168              	.LASF0:
 169 0148 7369676E 		.ascii	"signed char\000"
 169      65642063 
 169      68617200 
 170              		.ident	"GCC: (GNU Tools for ARM Embedded Processors) 4.7.3 20130312 (release) [ARM/embedded-4_7-br
