ARM GAS  C:\Users\Mark\AppData\Local\Temp\ccKvac9C.s 			page 1


   1              		.syntax unified
   2              		.cpu cortex-m3
   3              		.fpu softvfp
   4              		.eabi_attribute 20, 1
   5              		.eabi_attribute 21, 1
   6              		.eabi_attribute 23, 3
   7              		.eabi_attribute 24, 1
   8              		.eabi_attribute 25, 1
   9              		.eabi_attribute 26, 1
  10              		.eabi_attribute 30, 6
  11              		.eabi_attribute 34, 1
  12              		.eabi_attribute 18, 4
  13              		.thumb
  14              		.file	"LINX.c"
  15              		.text
  16              	.Ltext0:
  17              		.cfi_sections	.debug_frame
  18              		.section	.rodata
  19              		.align	2
  20              	.LC0:
  21 0000 1B5B324A 		.ascii	"\033[2J\000"
  21      00
  22 0005 000000   		.align	2
  23              	.LC1:
  24 0008 4C494E58 		.ascii	"LINX firmware started in debug mode\015\012\000"
  24      20666972 
  24      6D776172 
  24      65207374 
  24      61727465 
  25              		.section	.text.LINX_Initialize,"ax",%progbits
  26              		.align	2
  27              		.global	LINX_Initialize
  28              		.thumb
  29              		.thumb_func
  30              		.type	LINX_Initialize, %function
  31              	LINX_Initialize:
  32              	.LFB56:
  33              		.file 1 ".\\LINX.c"
   1:.\LINX.c      **** /**
   2:.\LINX.c      **** * \file LINX.c
   3:.\LINX.c      **** * \brief TODO
   4:.\LINX.c      **** *
   5:.\LINX.c      **** * Version 1.1.2 TODO
   6:.\LINX.c      **** *
   7:.\LINX.c      **** * \author Mark Bradley
   8:.\LINX.c      **** *
   9:.\LINX.c      **** * \bug TODO
  10:.\LINX.c      **** *
  11:.\LINX.c      **** *
  12:.\LINX.c      **** * Copyright Embedit Electronics
  13:.\LINX.c      **** * 
  14:.\LINX.c      **** */
  15:.\LINX.c      **** 
  16:.\LINX.c      **** #ifndef LINX_H
  17:.\LINX.c      ****     #include "LINX.h"
  18:.\LINX.c      **** #endif
  19:.\LINX.c      **** 
ARM GAS  C:\Users\Mark\AppData\Local\Temp\ccKvac9C.s 			page 2


  20:.\LINX.c      **** #include <project.h>
  21:.\LINX.c      **** #include <stdio.h>
  22:.\LINX.c      **** 
  23:.\LINX.c      **** void LINX_Initialize() {
  34              		.loc 1 23 0
  35              		.cfi_startproc
  36              		@ args = 0, pretend = 0, frame = 0
  37              		@ frame_needed = 1, uses_anonymous_args = 0
  38 0000 80B5     		push	{r7, lr}
  39              	.LCFI0:
  40              		.cfi_def_cfa_offset 8
  41              		.cfi_offset 7, -8
  42              		.cfi_offset 14, -4
  43 0002 00AF     		add	r7, sp, #0
  44              	.LCFI1:
  45              		.cfi_def_cfa_register 7
  24:.\LINX.c      ****     USBUART_Start(0u, USBUART_5V_OPERATION);
  46              		.loc 1 24 0
  47 0004 4FF00000 		mov	r0, #0
  48 0008 4FF00101 		mov	r1, #1
  49 000c FFF7FEFF 		bl	USBUART_Start
  25:.\LINX.c      ****     while(!USBUART_GetConfiguration());
  50              		.loc 1 25 0
  51 0010 00BF     		nop
  52              	.L2:
  53              		.loc 1 25 0 is_stmt 0 discriminator 1
  54 0012 FFF7FEFF 		bl	USBUART_GetConfiguration
  55 0016 0346     		mov	r3, r0
  56 0018 002B     		cmp	r3, #0
  57 001a FAD0     		beq	.L2
  26:.\LINX.c      ****     USBUART_CDC_Init();
  58              		.loc 1 26 0 is_stmt 1
  59 001c FFF7FEFF 		bl	USBUART_CDC_Init
  27:.\LINX.c      ****     
  28:.\LINX.c      ****     #ifdef LINX_DEBUG
  29:.\LINX.c      ****         DEBUG_UART_Start();
  60              		.loc 1 29 0
  61 0020 FFF7FEFF 		bl	DEBUG_UART_Start
  30:.\LINX.c      ****         DEBUG_UART_PutString("\033[2J");
  62              		.loc 1 30 0
  63 0024 40F20000 		movw	r0, #:lower16:.LC0
  64 0028 C0F20000 		movt	r0, #:upper16:.LC0
  65 002c FFF7FEFF 		bl	DEBUG_UART_PutString
  31:.\LINX.c      ****         DEBUG_UART_PutString("LINX firmware started in debug mode\r\n");
  66              		.loc 1 31 0
  67 0030 40F20000 		movw	r0, #:lower16:.LC1
  68 0034 C0F20000 		movt	r0, #:upper16:.LC1
  69 0038 FFF7FEFF 		bl	DEBUG_UART_PutString
  32:.\LINX.c      ****     #endif
  33:.\LINX.c      **** }
  70              		.loc 1 33 0
  71 003c 80BD     		pop	{r7, pc}
  72              		.cfi_endproc
  73              	.LFE56:
  74              		.size	LINX_Initialize, .-LINX_Initialize
  75 003e 00BF     		.section	.rodata
  76 002e 0000     		.align	2
ARM GAS  C:\Users\Mark\AppData\Local\Temp\ccKvac9C.s 			page 3


  77              	.LC2:
  78 0030 47657474 		.ascii	"Getting new LINX command\015\012\000"
  78      696E6720 
  78      6E657720 
  78      4C494E58 
  78      20636F6D 
  79 004b 00       		.align	2
  80              	.LC3:
  81 004c 52656365 		.ascii	"Received command:\000"
  81      69766564 
  81      20636F6D 
  81      6D616E64 
  81      3A00
  82 005e 0000     		.align	2
  83              	.LC4:
  84 0060 20257800 		.ascii	" %x\000"
  85              		.align	2
  86              	.LC5:
  87 0064 0D0A00   		.ascii	"\015\012\000"
  88 0067 00       		.align	2
  89              	.LC6:
  90 0068 09536F46 		.ascii	"\011SoF FAILED\015\012\000"
  90      20464149 
  90      4C45440D 
  90      0A00
  91 0076 0000     		.align	2
  92              	.LC7:
  93 0078 09436865 		.ascii	"\011Checksum FAILED\015\012\000"
  93      636B7375 
  93      6D204641 
  93      494C4544 
  93      0D0A00
  94 008b 00       		.align	2
  95              	.LC8:
  96 008c 09436F6D 		.ascii	"\011Command length FAILED\015\012\000"
  96      6D616E64 
  96      206C656E 
  96      67746820 
  96      4641494C 
  97 00a5 000000   		.align	2
  98              	.LC9:
  99 00a8 09436F6D 		.ascii	"\011Command validated\015\012\000"
  99      6D616E64 
  99      2076616C 
  99      69646174 
  99      65640D0A 
 100              		.section	.text.LINX_GetCommand,"ax",%progbits
 101              		.align	2
 102              		.global	LINX_GetCommand
 103              		.thumb
 104              		.thumb_func
 105              		.type	LINX_GetCommand, %function
 106              	LINX_GetCommand:
 107              	.LFB57:
  34:.\LINX.c      **** 
  35:.\LINX.c      **** bool LINX_GetCommand(uint8 *command) {
 108              		.loc 1 35 0
ARM GAS  C:\Users\Mark\AppData\Local\Temp\ccKvac9C.s 			page 4


 109              		.cfi_startproc
 110              		@ args = 0, pretend = 0, frame = 80
 111              		@ frame_needed = 1, uses_anonymous_args = 0
 112 0000 90B5     		push	{r4, r7, lr}
 113              	.LCFI2:
 114              		.cfi_def_cfa_offset 12
 115              		.cfi_offset 4, -12
 116              		.cfi_offset 7, -8
 117              		.cfi_offset 14, -4
 118 0002 95B0     		sub	sp, sp, #84
 119              	.LCFI3:
 120              		.cfi_def_cfa_offset 96
 121 0004 00AF     		add	r7, sp, #0
 122              	.LCFI4:
 123              		.cfi_def_cfa_register 7
 124 0006 7860     		str	r0, [r7, #4]
  36:.\LINX.c      ****     #ifdef LINX_DEBUG
  37:.\LINX.c      ****         DEBUG_UART_PutString("Getting new LINX command\r\n");
 125              		.loc 1 37 0
 126 0008 40F20000 		movw	r0, #:lower16:.LC2
 127 000c C0F20000 		movt	r0, #:upper16:.LC2
 128 0010 FFF7FEFF 		bl	DEBUG_UART_PutString
  38:.\LINX.c      ****         uint8 debug_str[LINX_DEBUG_STR_SIZE];
  39:.\LINX.c      ****         uint8 debug_str_len;
  40:.\LINX.c      ****         uint8 i;
  41:.\LINX.c      ****     #endif
  42:.\LINX.c      ****     
  43:.\LINX.c      ****     uint8 command_len;
  44:.\LINX.c      ****     
  45:.\LINX.c      ****     // Get command bytes
  46:.\LINX.c      ****     command_len = USBUART_GetAll(command);
 129              		.loc 1 46 0
 130 0014 7868     		ldr	r0, [r7, #4]
 131 0016 FFF7FEFF 		bl	USBUART_GetAll
 132 001a 0346     		mov	r3, r0
 133 001c 87F84E30 		strb	r3, [r7, #78]
  47:.\LINX.c      ****     
  48:.\LINX.c      ****     #ifdef LINX_DEBUG
  49:.\LINX.c      ****         DEBUG_UART_PutString("Received command:");
 134              		.loc 1 49 0
 135 0020 40F20000 		movw	r0, #:lower16:.LC3
 136 0024 C0F20000 		movt	r0, #:upper16:.LC3
 137 0028 FFF7FEFF 		bl	DEBUG_UART_PutString
  50:.\LINX.c      ****         for (i = 0; i < command_len; ++i) {
 138              		.loc 1 50 0
 139 002c 4FF00003 		mov	r3, #0
 140 0030 87F84F30 		strb	r3, [r7, #79]
 141 0034 1FE0     		b	.L4
 142              	.L5:
  51:.\LINX.c      ****             debug_str_len = sprintf(debug_str, " %x", command[i]);
 143              		.loc 1 51 0 discriminator 2
 144 0036 97F84F30 		ldrb	r3, [r7, #79]	@ zero_extendqisi2
 145 003a 7A68     		ldr	r2, [r7, #4]
 146 003c D318     		adds	r3, r2, r3
 147 003e 1B78     		ldrb	r3, [r3, #0]	@ zero_extendqisi2
 148 0040 07F10C02 		add	r2, r7, #12
 149 0044 1046     		mov	r0, r2
ARM GAS  C:\Users\Mark\AppData\Local\Temp\ccKvac9C.s 			page 5


 150 0046 40F20001 		movw	r1, #:lower16:.LC4
 151 004a C0F20001 		movt	r1, #:upper16:.LC4
 152 004e 1A46     		mov	r2, r3
 153 0050 FFF7FEFF 		bl	sprintf
 154 0054 0346     		mov	r3, r0
 155 0056 87F84D30 		strb	r3, [r7, #77]
  52:.\LINX.c      ****             DEBUG_UART_PutArray(debug_str, debug_str_len);
 156              		.loc 1 52 0 discriminator 2
 157 005a 07F10C02 		add	r2, r7, #12
 158 005e 97F84D30 		ldrb	r3, [r7, #77]	@ zero_extendqisi2
 159 0062 1046     		mov	r0, r2
 160 0064 1946     		mov	r1, r3
 161 0066 FFF7FEFF 		bl	DEBUG_UART_PutArray
  50:.\LINX.c      ****         for (i = 0; i < command_len; ++i) {
 162              		.loc 1 50 0 discriminator 2
 163 006a 97F84F30 		ldrb	r3, [r7, #79]
 164 006e 03F10103 		add	r3, r3, #1
 165 0072 87F84F30 		strb	r3, [r7, #79]
 166              	.L4:
  50:.\LINX.c      ****         for (i = 0; i < command_len; ++i) {
 167              		.loc 1 50 0 is_stmt 0 discriminator 1
 168 0076 97F84F20 		ldrb	r2, [r7, #79]	@ zero_extendqisi2
 169 007a 97F84E30 		ldrb	r3, [r7, #78]	@ zero_extendqisi2
 170 007e 9A42     		cmp	r2, r3
 171 0080 D9D3     		bcc	.L5
  53:.\LINX.c      ****         }
  54:.\LINX.c      ****         DEBUG_UART_PutString("\r\n");
 172              		.loc 1 54 0 is_stmt 1
 173 0082 40F20000 		movw	r0, #:lower16:.LC5
 174 0086 C0F20000 		movt	r0, #:upper16:.LC5
 175 008a FFF7FEFF 		bl	DEBUG_UART_PutString
  55:.\LINX.c      ****     #endif
  56:.\LINX.c      ****     
  57:.\LINX.c      ****     // Verify SoF
  58:.\LINX.c      ****     if (command[0] != 0xFF) {
 176              		.loc 1 58 0
 177 008e 7B68     		ldr	r3, [r7, #4]
 178 0090 1B78     		ldrb	r3, [r3, #0]	@ zero_extendqisi2
 179 0092 FF2B     		cmp	r3, #255
 180 0094 08D0     		beq	.L6
  59:.\LINX.c      ****         #ifdef LINX_DEBUG
  60:.\LINX.c      ****             DEBUG_UART_PutString("\tSoF FAILED\r\n");
 181              		.loc 1 60 0
 182 0096 40F20000 		movw	r0, #:lower16:.LC6
 183 009a C0F20000 		movt	r0, #:upper16:.LC6
 184 009e FFF7FEFF 		bl	DEBUG_UART_PutString
  61:.\LINX.c      ****         #endif
  62:.\LINX.c      ****         
  63:.\LINX.c      ****         return false;
 185              		.loc 1 63 0
 186 00a2 4FF00003 		mov	r3, #0
 187 00a6 34E0     		b	.L10
 188              	.L6:
  64:.\LINX.c      ****     }
  65:.\LINX.c      ****     
  66:.\LINX.c      ****     // Verify checksum
  67:.\LINX.c      ****     if (command[command_len - 1] != LINX_CalculateChecksum(command, command_len - 1)) {
ARM GAS  C:\Users\Mark\AppData\Local\Temp\ccKvac9C.s 			page 6


 189              		.loc 1 67 0
 190 00a8 97F84E30 		ldrb	r3, [r7, #78]	@ zero_extendqisi2
 191 00ac 03F1FF33 		add	r3, r3, #-1
 192 00b0 7A68     		ldr	r2, [r7, #4]
 193 00b2 D318     		adds	r3, r2, r3
 194 00b4 1C78     		ldrb	r4, [r3, #0]	@ zero_extendqisi2
 195 00b6 97F84E30 		ldrb	r3, [r7, #78]
 196 00ba 03F1FF33 		add	r3, r3, #-1
 197 00be DBB2     		uxtb	r3, r3
 198 00c0 7868     		ldr	r0, [r7, #4]
 199 00c2 1946     		mov	r1, r3
 200 00c4 FFF7FEFF 		bl	LINX_CalculateChecksum
 201 00c8 0346     		mov	r3, r0
 202 00ca 9C42     		cmp	r4, r3
 203 00cc 08D0     		beq	.L8
  68:.\LINX.c      ****         #ifdef LINX_DEBUG
  69:.\LINX.c      ****             DEBUG_UART_PutString("\tChecksum FAILED\r\n");
 204              		.loc 1 69 0
 205 00ce 40F20000 		movw	r0, #:lower16:.LC7
 206 00d2 C0F20000 		movt	r0, #:upper16:.LC7
 207 00d6 FFF7FEFF 		bl	DEBUG_UART_PutString
  70:.\LINX.c      ****         #endif
  71:.\LINX.c      ****         
  72:.\LINX.c      ****         return false;
 208              		.loc 1 72 0
 209 00da 4FF00003 		mov	r3, #0
 210 00de 18E0     		b	.L10
 211              	.L8:
  73:.\LINX.c      ****     }
  74:.\LINX.c      ****     
  75:.\LINX.c      ****     // Verify command length
  76:.\LINX.c      ****     if (command[1] != command_len) {
 212              		.loc 1 76 0
 213 00e0 7B68     		ldr	r3, [r7, #4]
 214 00e2 03F10103 		add	r3, r3, #1
 215 00e6 1B78     		ldrb	r3, [r3, #0]	@ zero_extendqisi2
 216 00e8 97F84E20 		ldrb	r2, [r7, #78]	@ zero_extendqisi2
 217 00ec 9A42     		cmp	r2, r3
 218 00ee 08D0     		beq	.L9
  77:.\LINX.c      ****         #ifdef LINX_DEBUG
  78:.\LINX.c      ****             DEBUG_UART_PutString("\tCommand length FAILED\r\n");
 219              		.loc 1 78 0
 220 00f0 40F20000 		movw	r0, #:lower16:.LC8
 221 00f4 C0F20000 		movt	r0, #:upper16:.LC8
 222 00f8 FFF7FEFF 		bl	DEBUG_UART_PutString
  79:.\LINX.c      ****         #endif
  80:.\LINX.c      ****         
  81:.\LINX.c      ****         return false;
 223              		.loc 1 81 0
 224 00fc 4FF00003 		mov	r3, #0
 225 0100 07E0     		b	.L10
 226              	.L9:
  82:.\LINX.c      ****     }
  83:.\LINX.c      ****     
  84:.\LINX.c      ****     #ifdef LINX_DEBUG
  85:.\LINX.c      ****         DEBUG_UART_PutString("\tCommand validated\r\n");
 227              		.loc 1 85 0
ARM GAS  C:\Users\Mark\AppData\Local\Temp\ccKvac9C.s 			page 7


 228 0102 40F20000 		movw	r0, #:lower16:.LC9
 229 0106 C0F20000 		movt	r0, #:upper16:.LC9
 230 010a FFF7FEFF 		bl	DEBUG_UART_PutString
  86:.\LINX.c      ****     #endif
  87:.\LINX.c      ****     return true;
 231              		.loc 1 87 0
 232 010e 4FF00103 		mov	r3, #1
 233              	.L10:
  88:.\LINX.c      **** }
 234              		.loc 1 88 0
 235 0112 1846     		mov	r0, r3
 236 0114 07F15407 		add	r7, r7, #84
 237 0118 BD46     		mov	sp, r7
 238 011a 90BD     		pop	{r4, r7, pc}
 239              		.cfi_endproc
 240              	.LFE57:
 241              		.size	LINX_GetCommand, .-LINX_GetCommand
 242              		.section	.text.LINX_CalculateChecksum,"ax",%progbits
 243              		.align	2
 244              		.global	LINX_CalculateChecksum
 245              		.thumb
 246              		.thumb_func
 247              		.type	LINX_CalculateChecksum, %function
 248              	LINX_CalculateChecksum:
 249              	.LFB58:
  89:.\LINX.c      **** 
  90:.\LINX.c      **** uint8 LINX_CalculateChecksum(uint8 *buffer, uint8 buffer_len) {
 250              		.loc 1 90 0
 251              		.cfi_startproc
 252              		@ args = 0, pretend = 0, frame = 16
 253              		@ frame_needed = 1, uses_anonymous_args = 0
 254              		@ link register save eliminated.
 255 0000 80B4     		push	{r7}
 256              	.LCFI5:
 257              		.cfi_def_cfa_offset 4
 258              		.cfi_offset 7, -4
 259 0002 85B0     		sub	sp, sp, #20
 260              	.LCFI6:
 261              		.cfi_def_cfa_offset 24
 262 0004 00AF     		add	r7, sp, #0
 263              	.LCFI7:
 264              		.cfi_def_cfa_register 7
 265 0006 7860     		str	r0, [r7, #4]
 266 0008 0B46     		mov	r3, r1
 267 000a FB70     		strb	r3, [r7, #3]
  91:.\LINX.c      ****     uint8 checksum = 0;
 268              		.loc 1 91 0
 269 000c 4FF00003 		mov	r3, #0
 270 0010 FB73     		strb	r3, [r7, #15]
  92:.\LINX.c      ****     uint8 i;
  93:.\LINX.c      ****     
  94:.\LINX.c      ****     for (i = 0; i < buffer_len; ++i) {
 271              		.loc 1 94 0
 272 0012 4FF00003 		mov	r3, #0
 273 0016 BB73     		strb	r3, [r7, #14]
 274 0018 0AE0     		b	.L12
 275              	.L13:
ARM GAS  C:\Users\Mark\AppData\Local\Temp\ccKvac9C.s 			page 8


  95:.\LINX.c      ****         checksum += buffer[i];
 276              		.loc 1 95 0 discriminator 2
 277 001a BB7B     		ldrb	r3, [r7, #14]	@ zero_extendqisi2
 278 001c 7A68     		ldr	r2, [r7, #4]
 279 001e D318     		adds	r3, r2, r3
 280 0020 1A78     		ldrb	r2, [r3, #0]	@ zero_extendqisi2
 281 0022 FB7B     		ldrb	r3, [r7, #15]
 282 0024 D318     		adds	r3, r2, r3
 283 0026 FB73     		strb	r3, [r7, #15]
  94:.\LINX.c      ****     for (i = 0; i < buffer_len; ++i) {
 284              		.loc 1 94 0 discriminator 2
 285 0028 BB7B     		ldrb	r3, [r7, #14]
 286 002a 03F10103 		add	r3, r3, #1
 287 002e BB73     		strb	r3, [r7, #14]
 288              	.L12:
  94:.\LINX.c      ****     for (i = 0; i < buffer_len; ++i) {
 289              		.loc 1 94 0 is_stmt 0 discriminator 1
 290 0030 BA7B     		ldrb	r2, [r7, #14]	@ zero_extendqisi2
 291 0032 FB78     		ldrb	r3, [r7, #3]	@ zero_extendqisi2
 292 0034 9A42     		cmp	r2, r3
 293 0036 F0D3     		bcc	.L13
  96:.\LINX.c      ****     }
  97:.\LINX.c      ****     
  98:.\LINX.c      ****     return checksum;
 294              		.loc 1 98 0 is_stmt 1
 295 0038 FB7B     		ldrb	r3, [r7, #15]	@ zero_extendqisi2
  99:.\LINX.c      **** }
 296              		.loc 1 99 0
 297 003a 1846     		mov	r0, r3
 298 003c 07F11407 		add	r7, r7, #20
 299 0040 BD46     		mov	sp, r7
 300 0042 80BC     		pop	{r7}
 301 0044 7047     		bx	lr
 302              		.cfi_endproc
 303              	.LFE58:
 304              		.size	LINX_CalculateChecksum, .-LINX_CalculateChecksum
 305 0046 00BF     		.section	.rodata
 306 00bd 000000   		.align	2
 307              	.LC10:
 308 00c0 0950726F 		.ascii	"\011Processing LINX command: \000"
 308      63657373 
 308      696E6720 
 308      4C494E58 
 308      20636F6D 
 309 00db 00       		.align	2
 310              	.LC11:
 311 00dc 53796E63 		.ascii	"Sync\015\012\000"
 311      0D0A00
 312 00e3 00       		.align	2
 313              	.LC12:
 314 00e4 47657420 		.ascii	"Get device ID\015\012\000"
 314      64657669 
 314      63652049 
 314      440D0A00 
 315              		.align	2
 316              	.LC13:
 317 00f4 47657420 		.ascii	"Get max baud rate\015\012\000"
ARM GAS  C:\Users\Mark\AppData\Local\Temp\ccKvac9C.s 			page 9


 317      6D617820 
 317      62617564 
 317      20726174 
 317      650D0A00 
 318              		.align	2
 319              	.LC14:
 320 0108 556E7375 		.ascii	"Unsupported\015\012\000"
 320      70706F72 
 320      7465640D 
 320      0A00
 321 0116 0000     		.align	2
 322              	.LC15:
 323 0118 0947656E 		.ascii	"\011Generated response:\000"
 323      65726174 
 323      65642072 
 323      6573706F 
 323      6E73653A 
 324              		.section	.text.LINX_ProcessCommand,"ax",%progbits
 325              		.align	2
 326              		.global	LINX_ProcessCommand
 327              		.thumb
 328              		.thumb_func
 329              		.type	LINX_ProcessCommand, %function
 330              	LINX_ProcessCommand:
 331              	.LFB59:
 100:.\LINX.c      **** 
 101:.\LINX.c      **** void LINX_ProcessCommand(uint8 *command, uint8 *response) {
 332              		.loc 1 101 0
 333              		.cfi_startproc
 334              		@ args = 0, pretend = 0, frame = 88
 335              		@ frame_needed = 1, uses_anonymous_args = 0
 336 0000 90B5     		push	{r4, r7, lr}
 337              	.LCFI8:
 338              		.cfi_def_cfa_offset 12
 339              		.cfi_offset 4, -12
 340              		.cfi_offset 7, -8
 341              		.cfi_offset 14, -4
 342 0002 97B0     		sub	sp, sp, #92
 343              	.LCFI9:
 344              		.cfi_def_cfa_offset 104
 345 0004 00AF     		add	r7, sp, #0
 346              	.LCFI10:
 347              		.cfi_def_cfa_register 7
 348 0006 7860     		str	r0, [r7, #4]
 349 0008 3960     		str	r1, [r7, #0]
 102:.\LINX.c      ****     #ifdef LINX_DEBUG
 103:.\LINX.c      ****         DEBUG_UART_PutString("\tProcessing LINX command: ");
 350              		.loc 1 103 0
 351 000a 40F20000 		movw	r0, #:lower16:.LC10
 352 000e C0F20000 		movt	r0, #:upper16:.LC10
 353 0012 FFF7FEFF 		bl	DEBUG_UART_PutString
 104:.\LINX.c      ****         uint8 debug_str[LINX_DEBUG_STR_SIZE];
 105:.\LINX.c      ****         uint8 debug_str_len;
 106:.\LINX.c      ****     #endif
 107:.\LINX.c      ****     
 108:.\LINX.c      ****     uint16 cmd = command[4] << 8 | command[5];
 354              		.loc 1 108 0
ARM GAS  C:\Users\Mark\AppData\Local\Temp\ccKvac9C.s 			page 10


 355 0016 7B68     		ldr	r3, [r7, #4]
 356 0018 03F10403 		add	r3, r3, #4
 357 001c 1B78     		ldrb	r3, [r3, #0]	@ zero_extendqisi2
 358 001e 4FEA0323 		lsl	r3, r3, #8
 359 0022 9AB2     		uxth	r2, r3
 360 0024 7B68     		ldr	r3, [r7, #4]
 361 0026 03F10503 		add	r3, r3, #5
 362 002a 1B78     		ldrb	r3, [r3, #0]	@ zero_extendqisi2
 363 002c 1343     		orrs	r3, r3, r2
 364 002e 9BB2     		uxth	r3, r3
 365 0030 A7F85230 		strh	r3, [r7, #82]	@ movhi
 109:.\LINX.c      ****     uint8 i;
 110:.\LINX.c      ****     
 111:.\LINX.c      ****     uint8 status = L_OK;
 366              		.loc 1 111 0
 367 0034 4FF00003 		mov	r3, #0
 368 0038 87F85630 		strb	r3, [r7, #86]
 112:.\LINX.c      ****     uint8 response_data[LINX_RESPONSE_DATA_SIZE];
 113:.\LINX.c      ****     uint8 response_data_len = 0;
 369              		.loc 1 113 0
 370 003c 4FF00003 		mov	r3, #0
 371 0040 87F85530 		strb	r3, [r7, #85]
 114:.\LINX.c      ****     
 115:.\LINX.c      ****     switch(cmd) {
 372              		.loc 1 115 0
 373 0044 B7F85230 		ldrh	r3, [r7, #82]
 374 0048 032B     		cmp	r3, #3
 375 004a 0AD0     		beq	.L18
 376 004c 052B     		cmp	r3, #5
 377 004e 19D0     		beq	.L19
 378 0050 002B     		cmp	r3, #0
 379 0052 2ED1     		bne	.L25
 380              	.L17:
 116:.\LINX.c      ****         // Sync
 117:.\LINX.c      ****         case 0x00:
 118:.\LINX.c      ****             #ifdef LINX_DEBUG
 119:.\LINX.c      ****                 DEBUG_UART_PutString("Sync\r\n");
 381              		.loc 1 119 0
 382 0054 40F20000 		movw	r0, #:lower16:.LC11
 383 0058 C0F20000 		movt	r0, #:upper16:.LC11
 384 005c FFF7FEFF 		bl	DEBUG_UART_PutString
 120:.\LINX.c      ****             #endif
 121:.\LINX.c      ****             
 122:.\LINX.c      ****             // Do nothing, will default to responding with L_OK status and no data
 123:.\LINX.c      ****             break;
 385              		.loc 1 123 0
 386 0060 32E0     		b	.L20
 387              	.L18:
 124:.\LINX.c      ****         
 125:.\LINX.c      ****         // Get device ID
 126:.\LINX.c      ****         case 0x03:
 127:.\LINX.c      ****             #ifdef LINX_DEBUG
 128:.\LINX.c      ****                 DEBUG_UART_PutString("Get device ID\r\n");
 388              		.loc 1 128 0
 389 0062 40F20000 		movw	r0, #:lower16:.LC12
 390 0066 C0F20000 		movt	r0, #:upper16:.LC12
 391 006a FFF7FEFF 		bl	DEBUG_UART_PutString
ARM GAS  C:\Users\Mark\AppData\Local\Temp\ccKvac9C.s 			page 11


 129:.\LINX.c      ****             #endif
 130:.\LINX.c      ****             
 131:.\LINX.c      ****             response_data_len = 2;
 392              		.loc 1 131 0
 393 006e 4FF00203 		mov	r3, #2
 394 0072 87F85530 		strb	r3, [r7, #85]
 132:.\LINX.c      ****             response_data[0] = LINX_DEVICE_FAMILY;
 395              		.loc 1 132 0
 396 0076 4FF0FF03 		mov	r3, #255
 397 007a 3B73     		strb	r3, [r7, #12]
 133:.\LINX.c      ****             response_data[1] = LINX_DEVICE_ID;
 398              		.loc 1 133 0
 399 007c 4FF00003 		mov	r3, #0
 400 0080 7B73     		strb	r3, [r7, #13]
 134:.\LINX.c      ****             break;
 401              		.loc 1 134 0
 402 0082 21E0     		b	.L20
 403              	.L19:
 135:.\LINX.c      ****         
 136:.\LINX.c      ****         // Get max baud rate
 137:.\LINX.c      ****         case 0x05:
 138:.\LINX.c      ****             #ifdef LINX_DEBUG
 139:.\LINX.c      ****                 DEBUG_UART_PutString("Get max baud rate\r\n");
 404              		.loc 1 139 0
 405 0084 40F20000 		movw	r0, #:lower16:.LC13
 406 0088 C0F20000 		movt	r0, #:upper16:.LC13
 407 008c FFF7FEFF 		bl	DEBUG_UART_PutString
 140:.\LINX.c      ****             #endif
 141:.\LINX.c      ****             
 142:.\LINX.c      ****             response_data_len = 4;
 408              		.loc 1 142 0
 409 0090 4FF00403 		mov	r3, #4
 410 0094 87F85530 		strb	r3, [r7, #85]
 143:.\LINX.c      ****             response_data[0] = (LINX_MAX_BAUD_RATE >> 24) & 0xFF;
 411              		.loc 1 143 0
 412 0098 4FF00003 		mov	r3, #0
 413 009c 3B73     		strb	r3, [r7, #12]
 144:.\LINX.c      ****             response_data[1] = (LINX_MAX_BAUD_RATE >> 16) & 0xFF;
 414              		.loc 1 144 0
 415 009e 4FF00003 		mov	r3, #0
 416 00a2 7B73     		strb	r3, [r7, #13]
 145:.\LINX.c      ****             response_data[2] = (LINX_MAX_BAUD_RATE >> 8) & 0xFF;
 417              		.loc 1 145 0
 418 00a4 4FF02503 		mov	r3, #37
 419 00a8 BB73     		strb	r3, [r7, #14]
 146:.\LINX.c      ****             response_data[3] = LINX_MAX_BAUD_RATE & 0xFF;
 420              		.loc 1 146 0
 421 00aa 4FF08003 		mov	r3, #128
 422 00ae FB73     		strb	r3, [r7, #15]
 147:.\LINX.c      ****             break;
 423              		.loc 1 147 0
 424 00b0 0AE0     		b	.L20
 425              	.L25:
 148:.\LINX.c      ****             
 149:.\LINX.c      ****         // Unsupported command
 150:.\LINX.c      ****         default:
 151:.\LINX.c      ****             #ifdef LINX_DEBUG
ARM GAS  C:\Users\Mark\AppData\Local\Temp\ccKvac9C.s 			page 12


 152:.\LINX.c      ****                 DEBUG_UART_PutString("Unsupported\r\n");
 426              		.loc 1 152 0
 427 00b2 40F20000 		movw	r0, #:lower16:.LC14
 428 00b6 C0F20000 		movt	r0, #:upper16:.LC14
 429 00ba FFF7FEFF 		bl	DEBUG_UART_PutString
 153:.\LINX.c      ****             #endif
 154:.\LINX.c      ****             
 155:.\LINX.c      ****             status = L_FUNCTION_NOT_SUPPORTED;
 430              		.loc 1 155 0
 431 00be 4FF00103 		mov	r3, #1
 432 00c2 87F85630 		strb	r3, [r7, #86]
 156:.\LINX.c      ****             break;
 433              		.loc 1 156 0
 434 00c6 00BF     		nop
 435              	.L20:
 157:.\LINX.c      ****     }
 158:.\LINX.c      ****     
 159:.\LINX.c      ****     // Build response
 160:.\LINX.c      ****     response[0] = 0xFF;
 436              		.loc 1 160 0
 437 00c8 3B68     		ldr	r3, [r7, #0]
 438 00ca 4FF0FF02 		mov	r2, #255
 439 00ce 1A70     		strb	r2, [r3, #0]
 161:.\LINX.c      ****     response[1] = 6 + response_data_len;
 440              		.loc 1 161 0
 441 00d0 3B68     		ldr	r3, [r7, #0]
 442 00d2 03F10103 		add	r3, r3, #1
 443 00d6 97F85520 		ldrb	r2, [r7, #85]
 444 00da 02F10602 		add	r2, r2, #6
 445 00de D2B2     		uxtb	r2, r2
 446 00e0 1A70     		strb	r2, [r3, #0]
 162:.\LINX.c      ****     response[2] = command[2];
 447              		.loc 1 162 0
 448 00e2 3B68     		ldr	r3, [r7, #0]
 449 00e4 03F10203 		add	r3, r3, #2
 450 00e8 7A68     		ldr	r2, [r7, #4]
 451 00ea 9278     		ldrb	r2, [r2, #2]	@ zero_extendqisi2
 452 00ec 1A70     		strb	r2, [r3, #0]
 163:.\LINX.c      ****     response[3] = command[3];
 453              		.loc 1 163 0
 454 00ee 3B68     		ldr	r3, [r7, #0]
 455 00f0 03F10303 		add	r3, r3, #3
 456 00f4 7A68     		ldr	r2, [r7, #4]
 457 00f6 D278     		ldrb	r2, [r2, #3]	@ zero_extendqisi2
 458 00f8 1A70     		strb	r2, [r3, #0]
 164:.\LINX.c      ****     response[4] = status;
 459              		.loc 1 164 0
 460 00fa 3B68     		ldr	r3, [r7, #0]
 461 00fc 03F10403 		add	r3, r3, #4
 462 0100 97F85620 		ldrb	r2, [r7, #86]
 463 0104 1A70     		strb	r2, [r3, #0]
 165:.\LINX.c      ****     for (i = 0; i < response_data_len; ++i) {
 464              		.loc 1 165 0
 465 0106 4FF00003 		mov	r3, #0
 466 010a 87F85730 		strb	r3, [r7, #87]
 467 010e 13E0     		b	.L21
 468              	.L22:
ARM GAS  C:\Users\Mark\AppData\Local\Temp\ccKvac9C.s 			page 13


 166:.\LINX.c      ****         response[5 + i] = response_data[i];
 469              		.loc 1 166 0 discriminator 2
 470 0110 97F85730 		ldrb	r3, [r7, #87]	@ zero_extendqisi2
 471 0114 03F10503 		add	r3, r3, #5
 472 0118 3A68     		ldr	r2, [r7, #0]
 473 011a D318     		adds	r3, r2, r3
 474 011c 97F85720 		ldrb	r2, [r7, #87]	@ zero_extendqisi2
 475 0120 07F15801 		add	r1, r7, #88
 476 0124 8A18     		adds	r2, r1, r2
 477 0126 12F84C2C 		ldrb	r2, [r2, #-76]	@ zero_extendqisi2
 478 012a 1A70     		strb	r2, [r3, #0]
 165:.\LINX.c      ****     for (i = 0; i < response_data_len; ++i) {
 479              		.loc 1 165 0 discriminator 2
 480 012c 97F85730 		ldrb	r3, [r7, #87]
 481 0130 03F10103 		add	r3, r3, #1
 482 0134 87F85730 		strb	r3, [r7, #87]
 483              	.L21:
 165:.\LINX.c      ****     for (i = 0; i < response_data_len; ++i) {
 484              		.loc 1 165 0 is_stmt 0 discriminator 1
 485 0138 97F85720 		ldrb	r2, [r7, #87]	@ zero_extendqisi2
 486 013c 97F85530 		ldrb	r3, [r7, #85]	@ zero_extendqisi2
 487 0140 9A42     		cmp	r2, r3
 488 0142 E5D3     		bcc	.L22
 167:.\LINX.c      ****     }
 168:.\LINX.c      ****     response[5 + response_data_len] = LINX_CalculateChecksum(response, 5 + response_data_len);
 489              		.loc 1 168 0 is_stmt 1
 490 0144 97F85530 		ldrb	r3, [r7, #85]	@ zero_extendqisi2
 491 0148 03F10503 		add	r3, r3, #5
 492 014c 3A68     		ldr	r2, [r7, #0]
 493 014e D418     		adds	r4, r2, r3
 494 0150 97F85530 		ldrb	r3, [r7, #85]
 495 0154 03F10503 		add	r3, r3, #5
 496 0158 DBB2     		uxtb	r3, r3
 497 015a 3868     		ldr	r0, [r7, #0]
 498 015c 1946     		mov	r1, r3
 499 015e FFF7FEFF 		bl	LINX_CalculateChecksum
 500 0162 0346     		mov	r3, r0
 501 0164 2370     		strb	r3, [r4, #0]
 169:.\LINX.c      ****     
 170:.\LINX.c      ****     #ifdef LINX_DEBUG
 171:.\LINX.c      ****         DEBUG_UART_PutString("\tGenerated response:");
 502              		.loc 1 171 0
 503 0166 40F20000 		movw	r0, #:lower16:.LC15
 504 016a C0F20000 		movt	r0, #:upper16:.LC15
 505 016e FFF7FEFF 		bl	DEBUG_UART_PutString
 172:.\LINX.c      ****         for (i = 0; i < response[1]; ++i) {
 506              		.loc 1 172 0
 507 0172 4FF00003 		mov	r3, #0
 508 0176 87F85730 		strb	r3, [r7, #87]
 509 017a 1FE0     		b	.L23
 510              	.L24:
 173:.\LINX.c      ****             debug_str_len = sprintf(debug_str, " %x", response[i]);
 511              		.loc 1 173 0 discriminator 2
 512 017c 97F85730 		ldrb	r3, [r7, #87]	@ zero_extendqisi2
 513 0180 3A68     		ldr	r2, [r7, #0]
 514 0182 D318     		adds	r3, r2, r3
 515 0184 1B78     		ldrb	r3, [r3, #0]	@ zero_extendqisi2
ARM GAS  C:\Users\Mark\AppData\Local\Temp\ccKvac9C.s 			page 14


 516 0186 07F11002 		add	r2, r7, #16
 517 018a 1046     		mov	r0, r2
 518 018c 40F20001 		movw	r1, #:lower16:.LC4
 519 0190 C0F20001 		movt	r1, #:upper16:.LC4
 520 0194 1A46     		mov	r2, r3
 521 0196 FFF7FEFF 		bl	sprintf
 522 019a 0346     		mov	r3, r0
 523 019c 87F85130 		strb	r3, [r7, #81]
 174:.\LINX.c      ****             DEBUG_UART_PutArray(debug_str, debug_str_len);
 524              		.loc 1 174 0 discriminator 2
 525 01a0 07F11002 		add	r2, r7, #16
 526 01a4 97F85130 		ldrb	r3, [r7, #81]	@ zero_extendqisi2
 527 01a8 1046     		mov	r0, r2
 528 01aa 1946     		mov	r1, r3
 529 01ac FFF7FEFF 		bl	DEBUG_UART_PutArray
 172:.\LINX.c      ****         for (i = 0; i < response[1]; ++i) {
 530              		.loc 1 172 0 discriminator 2
 531 01b0 97F85730 		ldrb	r3, [r7, #87]
 532 01b4 03F10103 		add	r3, r3, #1
 533 01b8 87F85730 		strb	r3, [r7, #87]
 534              	.L23:
 172:.\LINX.c      ****         for (i = 0; i < response[1]; ++i) {
 535              		.loc 1 172 0 is_stmt 0 discriminator 1
 536 01bc 3B68     		ldr	r3, [r7, #0]
 537 01be 03F10103 		add	r3, r3, #1
 538 01c2 1B78     		ldrb	r3, [r3, #0]	@ zero_extendqisi2
 539 01c4 97F85720 		ldrb	r2, [r7, #87]	@ zero_extendqisi2
 540 01c8 9A42     		cmp	r2, r3
 541 01ca D7D3     		bcc	.L24
 175:.\LINX.c      ****         }
 176:.\LINX.c      ****         DEBUG_UART_PutString("\r\n");
 542              		.loc 1 176 0 is_stmt 1
 543 01cc 40F20000 		movw	r0, #:lower16:.LC5
 544 01d0 C0F20000 		movt	r0, #:upper16:.LC5
 545 01d4 FFF7FEFF 		bl	DEBUG_UART_PutString
 177:.\LINX.c      ****     #endif
 178:.\LINX.c      **** }
 546              		.loc 1 178 0
 547 01d8 07F15C07 		add	r7, r7, #92
 548 01dc BD46     		mov	sp, r7
 549 01de 90BD     		pop	{r4, r7, pc}
 550              		.cfi_endproc
 551              	.LFE59:
 552              		.size	LINX_ProcessCommand, .-LINX_ProcessCommand
 553              		.section	.rodata
 554 012d 000000   		.align	2
 555              	.LC16:
 556 0130 0953656E 		.ascii	"\011Sending LINX response\015\012\000"
 556      64696E67 
 556      204C494E 
 556      58207265 
 556      73706F6E 
 557 0149 000000   		.section	.text.LINX_SendResponse,"ax",%progbits
 558              		.align	2
 559              		.global	LINX_SendResponse
 560              		.thumb
 561              		.thumb_func
ARM GAS  C:\Users\Mark\AppData\Local\Temp\ccKvac9C.s 			page 15


 562              		.type	LINX_SendResponse, %function
 563              	LINX_SendResponse:
 564              	.LFB60:
 179:.\LINX.c      **** 
 180:.\LINX.c      **** void LINX_SendResponse(uint8 *response) {
 565              		.loc 1 180 0
 566              		.cfi_startproc
 567              		@ args = 0, pretend = 0, frame = 8
 568              		@ frame_needed = 1, uses_anonymous_args = 0
 569 0000 80B5     		push	{r7, lr}
 570              	.LCFI11:
 571              		.cfi_def_cfa_offset 8
 572              		.cfi_offset 7, -8
 573              		.cfi_offset 14, -4
 574 0002 82B0     		sub	sp, sp, #8
 575              	.LCFI12:
 576              		.cfi_def_cfa_offset 16
 577 0004 00AF     		add	r7, sp, #0
 578              	.LCFI13:
 579              		.cfi_def_cfa_register 7
 580 0006 7860     		str	r0, [r7, #4]
 181:.\LINX.c      ****     #ifdef LINX_DEBUG
 182:.\LINX.c      ****         DEBUG_UART_PutString("\tSending LINX response\r\n");
 581              		.loc 1 182 0
 582 0008 40F20000 		movw	r0, #:lower16:.LC16
 583 000c C0F20000 		movt	r0, #:upper16:.LC16
 584 0010 FFF7FEFF 		bl	DEBUG_UART_PutString
 183:.\LINX.c      ****     #endif
 184:.\LINX.c      ****     
 185:.\LINX.c      ****     USBUART_PutData(response, response[1]);
 585              		.loc 1 185 0
 586 0014 7B68     		ldr	r3, [r7, #4]
 587 0016 03F10103 		add	r3, r3, #1
 588 001a 1B78     		ldrb	r3, [r3, #0]	@ zero_extendqisi2
 589 001c 7868     		ldr	r0, [r7, #4]
 590 001e 1946     		mov	r1, r3
 591 0020 FFF7FEFF 		bl	USBUART_PutData
 186:.\LINX.c      **** }
 592              		.loc 1 186 0
 593 0024 07F10807 		add	r7, r7, #8
 594 0028 BD46     		mov	sp, r7
 595 002a 80BD     		pop	{r7, pc}
 596              		.cfi_endproc
 597              	.LFE60:
 598              		.size	LINX_SendResponse, .-LINX_SendResponse
 599              		.text
 600              	.Letext0:
 601              		.file 2 "c:\\program files (x86)\\cypress\\psoc creator\\3.0\\psoc creator\\import\\gnu_cs\\arm\\4
 602              		.file 3 "./Generated_Source/PSoC5/cytypes.h"
 603              		.file 4 "./Generated_Source/PSoC5/core_cm3.h"
 604              		.section	.debug_info,"",%progbits
 605              	.Ldebug_info0:
 606 0000 7C020000 		.4byte	0x27c
 607 0004 0200     		.2byte	0x2
 608 0006 00000000 		.4byte	.Ldebug_abbrev0
 609 000a 04       		.byte	0x4
 610 000b 01       		.uleb128 0x1
ARM GAS  C:\Users\Mark\AppData\Local\Temp\ccKvac9C.s 			page 16


 611 000c 96010000 		.4byte	.LASF32
 612 0010 01       		.byte	0x1
 613 0011 26020000 		.4byte	.LASF33
 614 0015 3B000000 		.4byte	.LASF34
 615 0019 00000000 		.4byte	.Ldebug_ranges0+0
 616 001d 00000000 		.4byte	0
 617 0021 00000000 		.4byte	0
 618 0025 00000000 		.4byte	.Ldebug_line0
 619 0029 02       		.uleb128 0x2
 620 002a 01       		.byte	0x1
 621 002b 06       		.byte	0x6
 622 002c F6010000 		.4byte	.LASF0
 623 0030 02       		.uleb128 0x2
 624 0031 01       		.byte	0x1
 625 0032 08       		.byte	0x8
 626 0033 8B000000 		.4byte	.LASF1
 627 0037 02       		.uleb128 0x2
 628 0038 02       		.byte	0x2
 629 0039 05       		.byte	0x5
 630 003a 7F010000 		.4byte	.LASF2
 631 003e 02       		.uleb128 0x2
 632 003f 02       		.byte	0x2
 633 0040 07       		.byte	0x7
 634 0041 C0000000 		.4byte	.LASF3
 635 0045 03       		.uleb128 0x3
 636 0046 5B010000 		.4byte	.LASF9
 637 004a 02       		.byte	0x2
 638 004b 4F       		.byte	0x4f
 639 004c 50000000 		.4byte	0x50
 640 0050 02       		.uleb128 0x2
 641 0051 04       		.byte	0x4
 642 0052 05       		.byte	0x5
 643 0053 DF010000 		.4byte	.LASF4
 644 0057 02       		.uleb128 0x2
 645 0058 04       		.byte	0x4
 646 0059 07       		.byte	0x7
 647 005a A3000000 		.4byte	.LASF5
 648 005e 02       		.uleb128 0x2
 649 005f 08       		.byte	0x8
 650 0060 05       		.byte	0x5
 651 0061 6C010000 		.4byte	.LASF6
 652 0065 02       		.uleb128 0x2
 653 0066 08       		.byte	0x8
 654 0067 07       		.byte	0x7
 655 0068 2B010000 		.4byte	.LASF7
 656 006c 04       		.uleb128 0x4
 657 006d 04       		.byte	0x4
 658 006e 05       		.byte	0x5
 659 006f 696E7400 		.ascii	"int\000"
 660 0073 02       		.uleb128 0x2
 661 0074 04       		.byte	0x4
 662 0075 07       		.byte	0x7
 663 0076 1E010000 		.4byte	.LASF8
 664 007a 03       		.uleb128 0x3
 665 007b 90010000 		.4byte	.LASF10
 666 007f 03       		.byte	0x3
 667 0080 5B       		.byte	0x5b
ARM GAS  C:\Users\Mark\AppData\Local\Temp\ccKvac9C.s 			page 17


 668 0081 30000000 		.4byte	0x30
 669 0085 03       		.uleb128 0x3
 670 0086 17010000 		.4byte	.LASF11
 671 008a 03       		.byte	0x3
 672 008b 5C       		.byte	0x5c
 673 008c 3E000000 		.4byte	0x3e
 674 0090 02       		.uleb128 0x2
 675 0091 04       		.byte	0x4
 676 0092 04       		.byte	0x4
 677 0093 2C000000 		.4byte	.LASF12
 678 0097 02       		.uleb128 0x2
 679 0098 08       		.byte	0x8
 680 0099 04       		.byte	0x4
 681 009a 1E000000 		.4byte	.LASF13
 682 009e 02       		.uleb128 0x2
 683 009f 01       		.byte	0x1
 684 00a0 08       		.byte	0x8
 685 00a1 7A010000 		.4byte	.LASF14
 686 00a5 02       		.uleb128 0x2
 687 00a6 04       		.byte	0x4
 688 00a7 07       		.byte	0x7
 689 00a8 63010000 		.4byte	.LASF15
 690 00ac 05       		.uleb128 0x5
 691 00ad 7A000000 		.4byte	0x7a
 692 00b1 BC000000 		.4byte	0xbc
 693 00b5 06       		.uleb128 0x6
 694 00b6 A5000000 		.4byte	0xa5
 695 00ba 03       		.byte	0x3
 696 00bb 00       		.byte	0
 697 00bc 07       		.uleb128 0x7
 698 00bd 01       		.byte	0x1
 699 00be 42010000 		.4byte	.LASF35
 700 00c2 01       		.byte	0x1
 701 00c3 17       		.byte	0x17
 702 00c4 00000000 		.4byte	.LFB56
 703 00c8 3E000000 		.4byte	.LFE56
 704 00cc 00000000 		.4byte	.LLST0
 705 00d0 01       		.byte	0x1
 706 00d1 08       		.uleb128 0x8
 707 00d2 01       		.byte	0x1
 708 00d3 00000000 		.4byte	.LASF20
 709 00d7 01       		.byte	0x1
 710 00d8 23       		.byte	0x23
 711 00d9 01       		.byte	0x1
 712 00da 36010000 		.4byte	0x136
 713 00de 00000000 		.4byte	.LFB57
 714 00e2 1C010000 		.4byte	.LFE57
 715 00e6 2C000000 		.4byte	.LLST1
 716 00ea 01       		.byte	0x1
 717 00eb 36010000 		.4byte	0x136
 718 00ef 09       		.uleb128 0x9
 719 00f0 16000000 		.4byte	.LASF22
 720 00f4 01       		.byte	0x1
 721 00f5 23       		.byte	0x23
 722 00f6 3D010000 		.4byte	0x13d
 723 00fa 03       		.byte	0x3
 724 00fb 91       		.byte	0x91
ARM GAS  C:\Users\Mark\AppData\Local\Temp\ccKvac9C.s 			page 18


 725 00fc A47F     		.sleb128 -92
 726 00fe 0A       		.uleb128 0xa
 727 00ff 99000000 		.4byte	.LASF16
 728 0103 01       		.byte	0x1
 729 0104 26       		.byte	0x26
 730 0105 43010000 		.4byte	0x143
 731 0109 03       		.byte	0x3
 732 010a 91       		.byte	0x91
 733 010b AC7F     		.sleb128 -84
 734 010d 0A       		.uleb128 0xa
 735 010e 2F020000 		.4byte	.LASF17
 736 0112 01       		.byte	0x1
 737 0113 27       		.byte	0x27
 738 0114 7A000000 		.4byte	0x7a
 739 0118 02       		.byte	0x2
 740 0119 91       		.byte	0x91
 741 011a 6D       		.sleb128 -19
 742 011b 0B       		.uleb128 0xb
 743 011c 6900     		.ascii	"i\000"
 744 011e 01       		.byte	0x1
 745 011f 28       		.byte	0x28
 746 0120 7A000000 		.4byte	0x7a
 747 0124 02       		.byte	0x2
 748 0125 91       		.byte	0x91
 749 0126 6F       		.sleb128 -17
 750 0127 0A       		.uleb128 0xa
 751 0128 E0000000 		.4byte	.LASF18
 752 012c 01       		.byte	0x1
 753 012d 2B       		.byte	0x2b
 754 012e 7A000000 		.4byte	0x7a
 755 0132 02       		.byte	0x2
 756 0133 91       		.byte	0x91
 757 0134 6E       		.sleb128 -18
 758 0135 00       		.byte	0
 759 0136 02       		.uleb128 0x2
 760 0137 01       		.byte	0x1
 761 0138 02       		.byte	0x2
 762 0139 10000000 		.4byte	.LASF19
 763 013d 0C       		.uleb128 0xc
 764 013e 04       		.byte	0x4
 765 013f 7A000000 		.4byte	0x7a
 766 0143 05       		.uleb128 0x5
 767 0144 7A000000 		.4byte	0x7a
 768 0148 53010000 		.4byte	0x153
 769 014c 06       		.uleb128 0x6
 770 014d A5000000 		.4byte	0xa5
 771 0151 3F       		.byte	0x3f
 772 0152 00       		.byte	0
 773 0153 0D       		.uleb128 0xd
 774 0154 01       		.byte	0x1
 775 0155 EC000000 		.4byte	.LASF21
 776 0159 01       		.byte	0x1
 777 015a 5A       		.byte	0x5a
 778 015b 01       		.byte	0x1
 779 015c 7A000000 		.4byte	0x7a
 780 0160 00000000 		.4byte	.LFB58
 781 0164 46000000 		.4byte	.LFE58
ARM GAS  C:\Users\Mark\AppData\Local\Temp\ccKvac9C.s 			page 19


 782 0168 66000000 		.4byte	.LLST2
 783 016c 01       		.byte	0x1
 784 016d A8010000 		.4byte	0x1a8
 785 0171 09       		.uleb128 0x9
 786 0172 89010000 		.4byte	.LASF23
 787 0176 01       		.byte	0x1
 788 0177 5A       		.byte	0x5a
 789 0178 3D010000 		.4byte	0x13d
 790 017c 02       		.byte	0x2
 791 017d 91       		.byte	0x91
 792 017e 6C       		.sleb128 -20
 793 017f 09       		.uleb128 0x9
 794 0180 B5000000 		.4byte	.LASF24
 795 0184 01       		.byte	0x1
 796 0185 5A       		.byte	0x5a
 797 0186 7A000000 		.4byte	0x7a
 798 018a 02       		.byte	0x2
 799 018b 91       		.byte	0x91
 800 018c 6B       		.sleb128 -21
 801 018d 0A       		.uleb128 0xa
 802 018e 32000000 		.4byte	.LASF25
 803 0192 01       		.byte	0x1
 804 0193 5B       		.byte	0x5b
 805 0194 7A000000 		.4byte	0x7a
 806 0198 02       		.byte	0x2
 807 0199 91       		.byte	0x91
 808 019a 77       		.sleb128 -9
 809 019b 0B       		.uleb128 0xb
 810 019c 6900     		.ascii	"i\000"
 811 019e 01       		.byte	0x1
 812 019f 5C       		.byte	0x5c
 813 01a0 7A000000 		.4byte	0x7a
 814 01a4 02       		.byte	0x2
 815 01a5 91       		.byte	0x91
 816 01a6 76       		.sleb128 -10
 817 01a7 00       		.byte	0
 818 01a8 0E       		.uleb128 0xe
 819 01a9 01       		.byte	0x1
 820 01aa 03010000 		.4byte	.LASF30
 821 01ae 01       		.byte	0x1
 822 01af 65       		.byte	0x65
 823 01b0 01       		.byte	0x1
 824 01b1 00000000 		.4byte	.LFB59
 825 01b5 E0010000 		.4byte	.LFE59
 826 01b9 9E000000 		.4byte	.LLST3
 827 01bd 01       		.byte	0x1
 828 01be 43020000 		.4byte	0x243
 829 01c2 09       		.uleb128 0x9
 830 01c3 16000000 		.4byte	.LASF22
 831 01c7 01       		.byte	0x1
 832 01c8 65       		.byte	0x65
 833 01c9 3D010000 		.4byte	0x13d
 834 01cd 03       		.byte	0x3
 835 01ce 91       		.byte	0x91
 836 01cf 9C7F     		.sleb128 -100
 837 01d1 09       		.uleb128 0x9
 838 01d2 52010000 		.4byte	.LASF26
ARM GAS  C:\Users\Mark\AppData\Local\Temp\ccKvac9C.s 			page 20


 839 01d6 01       		.byte	0x1
 840 01d7 65       		.byte	0x65
 841 01d8 3D010000 		.4byte	0x13d
 842 01dc 03       		.byte	0x3
 843 01dd 91       		.byte	0x91
 844 01de 987F     		.sleb128 -104
 845 01e0 0A       		.uleb128 0xa
 846 01e1 99000000 		.4byte	.LASF16
 847 01e5 01       		.byte	0x1
 848 01e6 68       		.byte	0x68
 849 01e7 43010000 		.4byte	0x143
 850 01eb 03       		.byte	0x3
 851 01ec 91       		.byte	0x91
 852 01ed A87F     		.sleb128 -88
 853 01ef 0A       		.uleb128 0xa
 854 01f0 2F020000 		.4byte	.LASF17
 855 01f4 01       		.byte	0x1
 856 01f5 69       		.byte	0x69
 857 01f6 7A000000 		.4byte	0x7a
 858 01fa 02       		.byte	0x2
 859 01fb 91       		.byte	0x91
 860 01fc 69       		.sleb128 -23
 861 01fd 0B       		.uleb128 0xb
 862 01fe 636D6400 		.ascii	"cmd\000"
 863 0202 01       		.byte	0x1
 864 0203 6C       		.byte	0x6c
 865 0204 85000000 		.4byte	0x85
 866 0208 02       		.byte	0x2
 867 0209 91       		.byte	0x91
 868 020a 6A       		.sleb128 -22
 869 020b 0B       		.uleb128 0xb
 870 020c 6900     		.ascii	"i\000"
 871 020e 01       		.byte	0x1
 872 020f 6D       		.byte	0x6d
 873 0210 7A000000 		.4byte	0x7a
 874 0214 02       		.byte	0x2
 875 0215 91       		.byte	0x91
 876 0216 6F       		.sleb128 -17
 877 0217 0A       		.uleb128 0xa
 878 0218 25000000 		.4byte	.LASF27
 879 021c 01       		.byte	0x1
 880 021d 6F       		.byte	0x6f
 881 021e 7A000000 		.4byte	0x7a
 882 0222 02       		.byte	0x2
 883 0223 91       		.byte	0x91
 884 0224 6E       		.sleb128 -18
 885 0225 0A       		.uleb128 0xa
 886 0226 E8010000 		.4byte	.LASF28
 887 022a 01       		.byte	0x1
 888 022b 70       		.byte	0x70
 889 022c AC000000 		.4byte	0xac
 890 0230 03       		.byte	0x3
 891 0231 91       		.byte	0x91
 892 0232 A47F     		.sleb128 -92
 893 0234 0A       		.uleb128 0xa
 894 0235 02020000 		.4byte	.LASF29
 895 0239 01       		.byte	0x1
ARM GAS  C:\Users\Mark\AppData\Local\Temp\ccKvac9C.s 			page 21


 896 023a 71       		.byte	0x71
 897 023b 7A000000 		.4byte	0x7a
 898 023f 02       		.byte	0x2
 899 0240 91       		.byte	0x91
 900 0241 6D       		.sleb128 -19
 901 0242 00       		.byte	0
 902 0243 0E       		.uleb128 0xe
 903 0244 01       		.byte	0x1
 904 0245 14020000 		.4byte	.LASF31
 905 0249 01       		.byte	0x1
 906 024a B4       		.byte	0xb4
 907 024b 01       		.byte	0x1
 908 024c 00000000 		.4byte	.LFB60
 909 0250 2C000000 		.4byte	.LFE60
 910 0254 D8000000 		.4byte	.LLST4
 911 0258 01       		.byte	0x1
 912 0259 6C020000 		.4byte	0x26c
 913 025d 09       		.uleb128 0x9
 914 025e 52010000 		.4byte	.LASF26
 915 0262 01       		.byte	0x1
 916 0263 B4       		.byte	0xb4
 917 0264 3D010000 		.4byte	0x13d
 918 0268 02       		.byte	0x2
 919 0269 91       		.byte	0x91
 920 026a 74       		.sleb128 -12
 921 026b 00       		.byte	0
 922 026c 0F       		.uleb128 0xf
 923 026d D3000000 		.4byte	.LASF36
 924 0271 04       		.byte	0x4
 925 0272 1606     		.2byte	0x616
 926 0274 7A020000 		.4byte	0x27a
 927 0278 01       		.byte	0x1
 928 0279 01       		.byte	0x1
 929 027a 10       		.uleb128 0x10
 930 027b 45000000 		.4byte	0x45
 931 027f 00       		.byte	0
 932              		.section	.debug_abbrev,"",%progbits
 933              	.Ldebug_abbrev0:
 934 0000 01       		.uleb128 0x1
 935 0001 11       		.uleb128 0x11
 936 0002 01       		.byte	0x1
 937 0003 25       		.uleb128 0x25
 938 0004 0E       		.uleb128 0xe
 939 0005 13       		.uleb128 0x13
 940 0006 0B       		.uleb128 0xb
 941 0007 03       		.uleb128 0x3
 942 0008 0E       		.uleb128 0xe
 943 0009 1B       		.uleb128 0x1b
 944 000a 0E       		.uleb128 0xe
 945 000b 55       		.uleb128 0x55
 946 000c 06       		.uleb128 0x6
 947 000d 11       		.uleb128 0x11
 948 000e 01       		.uleb128 0x1
 949 000f 52       		.uleb128 0x52
 950 0010 01       		.uleb128 0x1
 951 0011 10       		.uleb128 0x10
 952 0012 06       		.uleb128 0x6
ARM GAS  C:\Users\Mark\AppData\Local\Temp\ccKvac9C.s 			page 22


 953 0013 00       		.byte	0
 954 0014 00       		.byte	0
 955 0015 02       		.uleb128 0x2
 956 0016 24       		.uleb128 0x24
 957 0017 00       		.byte	0
 958 0018 0B       		.uleb128 0xb
 959 0019 0B       		.uleb128 0xb
 960 001a 3E       		.uleb128 0x3e
 961 001b 0B       		.uleb128 0xb
 962 001c 03       		.uleb128 0x3
 963 001d 0E       		.uleb128 0xe
 964 001e 00       		.byte	0
 965 001f 00       		.byte	0
 966 0020 03       		.uleb128 0x3
 967 0021 16       		.uleb128 0x16
 968 0022 00       		.byte	0
 969 0023 03       		.uleb128 0x3
 970 0024 0E       		.uleb128 0xe
 971 0025 3A       		.uleb128 0x3a
 972 0026 0B       		.uleb128 0xb
 973 0027 3B       		.uleb128 0x3b
 974 0028 0B       		.uleb128 0xb
 975 0029 49       		.uleb128 0x49
 976 002a 13       		.uleb128 0x13
 977 002b 00       		.byte	0
 978 002c 00       		.byte	0
 979 002d 04       		.uleb128 0x4
 980 002e 24       		.uleb128 0x24
 981 002f 00       		.byte	0
 982 0030 0B       		.uleb128 0xb
 983 0031 0B       		.uleb128 0xb
 984 0032 3E       		.uleb128 0x3e
 985 0033 0B       		.uleb128 0xb
 986 0034 03       		.uleb128 0x3
 987 0035 08       		.uleb128 0x8
 988 0036 00       		.byte	0
 989 0037 00       		.byte	0
 990 0038 05       		.uleb128 0x5
 991 0039 01       		.uleb128 0x1
 992 003a 01       		.byte	0x1
 993 003b 49       		.uleb128 0x49
 994 003c 13       		.uleb128 0x13
 995 003d 01       		.uleb128 0x1
 996 003e 13       		.uleb128 0x13
 997 003f 00       		.byte	0
 998 0040 00       		.byte	0
 999 0041 06       		.uleb128 0x6
 1000 0042 21       		.uleb128 0x21
 1001 0043 00       		.byte	0
 1002 0044 49       		.uleb128 0x49
 1003 0045 13       		.uleb128 0x13
 1004 0046 2F       		.uleb128 0x2f
 1005 0047 0B       		.uleb128 0xb
 1006 0048 00       		.byte	0
 1007 0049 00       		.byte	0
 1008 004a 07       		.uleb128 0x7
 1009 004b 2E       		.uleb128 0x2e
ARM GAS  C:\Users\Mark\AppData\Local\Temp\ccKvac9C.s 			page 23


 1010 004c 00       		.byte	0
 1011 004d 3F       		.uleb128 0x3f
 1012 004e 0C       		.uleb128 0xc
 1013 004f 03       		.uleb128 0x3
 1014 0050 0E       		.uleb128 0xe
 1015 0051 3A       		.uleb128 0x3a
 1016 0052 0B       		.uleb128 0xb
 1017 0053 3B       		.uleb128 0x3b
 1018 0054 0B       		.uleb128 0xb
 1019 0055 11       		.uleb128 0x11
 1020 0056 01       		.uleb128 0x1
 1021 0057 12       		.uleb128 0x12
 1022 0058 01       		.uleb128 0x1
 1023 0059 40       		.uleb128 0x40
 1024 005a 06       		.uleb128 0x6
 1025 005b 9642     		.uleb128 0x2116
 1026 005d 0C       		.uleb128 0xc
 1027 005e 00       		.byte	0
 1028 005f 00       		.byte	0
 1029 0060 08       		.uleb128 0x8
 1030 0061 2E       		.uleb128 0x2e
 1031 0062 01       		.byte	0x1
 1032 0063 3F       		.uleb128 0x3f
 1033 0064 0C       		.uleb128 0xc
 1034 0065 03       		.uleb128 0x3
 1035 0066 0E       		.uleb128 0xe
 1036 0067 3A       		.uleb128 0x3a
 1037 0068 0B       		.uleb128 0xb
 1038 0069 3B       		.uleb128 0x3b
 1039 006a 0B       		.uleb128 0xb
 1040 006b 27       		.uleb128 0x27
 1041 006c 0C       		.uleb128 0xc
 1042 006d 49       		.uleb128 0x49
 1043 006e 13       		.uleb128 0x13
 1044 006f 11       		.uleb128 0x11
 1045 0070 01       		.uleb128 0x1
 1046 0071 12       		.uleb128 0x12
 1047 0072 01       		.uleb128 0x1
 1048 0073 40       		.uleb128 0x40
 1049 0074 06       		.uleb128 0x6
 1050 0075 9642     		.uleb128 0x2116
 1051 0077 0C       		.uleb128 0xc
 1052 0078 01       		.uleb128 0x1
 1053 0079 13       		.uleb128 0x13
 1054 007a 00       		.byte	0
 1055 007b 00       		.byte	0
 1056 007c 09       		.uleb128 0x9
 1057 007d 05       		.uleb128 0x5
 1058 007e 00       		.byte	0
 1059 007f 03       		.uleb128 0x3
 1060 0080 0E       		.uleb128 0xe
 1061 0081 3A       		.uleb128 0x3a
 1062 0082 0B       		.uleb128 0xb
 1063 0083 3B       		.uleb128 0x3b
 1064 0084 0B       		.uleb128 0xb
 1065 0085 49       		.uleb128 0x49
 1066 0086 13       		.uleb128 0x13
ARM GAS  C:\Users\Mark\AppData\Local\Temp\ccKvac9C.s 			page 24


 1067 0087 02       		.uleb128 0x2
 1068 0088 0A       		.uleb128 0xa
 1069 0089 00       		.byte	0
 1070 008a 00       		.byte	0
 1071 008b 0A       		.uleb128 0xa
 1072 008c 34       		.uleb128 0x34
 1073 008d 00       		.byte	0
 1074 008e 03       		.uleb128 0x3
 1075 008f 0E       		.uleb128 0xe
 1076 0090 3A       		.uleb128 0x3a
 1077 0091 0B       		.uleb128 0xb
 1078 0092 3B       		.uleb128 0x3b
 1079 0093 0B       		.uleb128 0xb
 1080 0094 49       		.uleb128 0x49
 1081 0095 13       		.uleb128 0x13
 1082 0096 02       		.uleb128 0x2
 1083 0097 0A       		.uleb128 0xa
 1084 0098 00       		.byte	0
 1085 0099 00       		.byte	0
 1086 009a 0B       		.uleb128 0xb
 1087 009b 34       		.uleb128 0x34
 1088 009c 00       		.byte	0
 1089 009d 03       		.uleb128 0x3
 1090 009e 08       		.uleb128 0x8
 1091 009f 3A       		.uleb128 0x3a
 1092 00a0 0B       		.uleb128 0xb
 1093 00a1 3B       		.uleb128 0x3b
 1094 00a2 0B       		.uleb128 0xb
 1095 00a3 49       		.uleb128 0x49
 1096 00a4 13       		.uleb128 0x13
 1097 00a5 02       		.uleb128 0x2
 1098 00a6 0A       		.uleb128 0xa
 1099 00a7 00       		.byte	0
 1100 00a8 00       		.byte	0
 1101 00a9 0C       		.uleb128 0xc
 1102 00aa 0F       		.uleb128 0xf
 1103 00ab 00       		.byte	0
 1104 00ac 0B       		.uleb128 0xb
 1105 00ad 0B       		.uleb128 0xb
 1106 00ae 49       		.uleb128 0x49
 1107 00af 13       		.uleb128 0x13
 1108 00b0 00       		.byte	0
 1109 00b1 00       		.byte	0
 1110 00b2 0D       		.uleb128 0xd
 1111 00b3 2E       		.uleb128 0x2e
 1112 00b4 01       		.byte	0x1
 1113 00b5 3F       		.uleb128 0x3f
 1114 00b6 0C       		.uleb128 0xc
 1115 00b7 03       		.uleb128 0x3
 1116 00b8 0E       		.uleb128 0xe
 1117 00b9 3A       		.uleb128 0x3a
 1118 00ba 0B       		.uleb128 0xb
 1119 00bb 3B       		.uleb128 0x3b
 1120 00bc 0B       		.uleb128 0xb
 1121 00bd 27       		.uleb128 0x27
 1122 00be 0C       		.uleb128 0xc
 1123 00bf 49       		.uleb128 0x49
ARM GAS  C:\Users\Mark\AppData\Local\Temp\ccKvac9C.s 			page 25


 1124 00c0 13       		.uleb128 0x13
 1125 00c1 11       		.uleb128 0x11
 1126 00c2 01       		.uleb128 0x1
 1127 00c3 12       		.uleb128 0x12
 1128 00c4 01       		.uleb128 0x1
 1129 00c5 40       		.uleb128 0x40
 1130 00c6 06       		.uleb128 0x6
 1131 00c7 9742     		.uleb128 0x2117
 1132 00c9 0C       		.uleb128 0xc
 1133 00ca 01       		.uleb128 0x1
 1134 00cb 13       		.uleb128 0x13
 1135 00cc 00       		.byte	0
 1136 00cd 00       		.byte	0
 1137 00ce 0E       		.uleb128 0xe
 1138 00cf 2E       		.uleb128 0x2e
 1139 00d0 01       		.byte	0x1
 1140 00d1 3F       		.uleb128 0x3f
 1141 00d2 0C       		.uleb128 0xc
 1142 00d3 03       		.uleb128 0x3
 1143 00d4 0E       		.uleb128 0xe
 1144 00d5 3A       		.uleb128 0x3a
 1145 00d6 0B       		.uleb128 0xb
 1146 00d7 3B       		.uleb128 0x3b
 1147 00d8 0B       		.uleb128 0xb
 1148 00d9 27       		.uleb128 0x27
 1149 00da 0C       		.uleb128 0xc
 1150 00db 11       		.uleb128 0x11
 1151 00dc 01       		.uleb128 0x1
 1152 00dd 12       		.uleb128 0x12
 1153 00de 01       		.uleb128 0x1
 1154 00df 40       		.uleb128 0x40
 1155 00e0 06       		.uleb128 0x6
 1156 00e1 9642     		.uleb128 0x2116
 1157 00e3 0C       		.uleb128 0xc
 1158 00e4 01       		.uleb128 0x1
 1159 00e5 13       		.uleb128 0x13
 1160 00e6 00       		.byte	0
 1161 00e7 00       		.byte	0
 1162 00e8 0F       		.uleb128 0xf
 1163 00e9 34       		.uleb128 0x34
 1164 00ea 00       		.byte	0
 1165 00eb 03       		.uleb128 0x3
 1166 00ec 0E       		.uleb128 0xe
 1167 00ed 3A       		.uleb128 0x3a
 1168 00ee 0B       		.uleb128 0xb
 1169 00ef 3B       		.uleb128 0x3b
 1170 00f0 05       		.uleb128 0x5
 1171 00f1 49       		.uleb128 0x49
 1172 00f2 13       		.uleb128 0x13
 1173 00f3 3F       		.uleb128 0x3f
 1174 00f4 0C       		.uleb128 0xc
 1175 00f5 3C       		.uleb128 0x3c
 1176 00f6 0C       		.uleb128 0xc
 1177 00f7 00       		.byte	0
 1178 00f8 00       		.byte	0
 1179 00f9 10       		.uleb128 0x10
 1180 00fa 35       		.uleb128 0x35
ARM GAS  C:\Users\Mark\AppData\Local\Temp\ccKvac9C.s 			page 26


 1181 00fb 00       		.byte	0
 1182 00fc 49       		.uleb128 0x49
 1183 00fd 13       		.uleb128 0x13
 1184 00fe 00       		.byte	0
 1185 00ff 00       		.byte	0
 1186 0100 00       		.byte	0
 1187              		.section	.debug_loc,"",%progbits
 1188              	.Ldebug_loc0:
 1189              	.LLST0:
 1190 0000 00000000 		.4byte	.LFB56
 1191 0004 02000000 		.4byte	.LCFI0
 1192 0008 0200     		.2byte	0x2
 1193 000a 7D       		.byte	0x7d
 1194 000b 00       		.sleb128 0
 1195 000c 02000000 		.4byte	.LCFI0
 1196 0010 04000000 		.4byte	.LCFI1
 1197 0014 0200     		.2byte	0x2
 1198 0016 7D       		.byte	0x7d
 1199 0017 08       		.sleb128 8
 1200 0018 04000000 		.4byte	.LCFI1
 1201 001c 3E000000 		.4byte	.LFE56
 1202 0020 0200     		.2byte	0x2
 1203 0022 77       		.byte	0x77
 1204 0023 08       		.sleb128 8
 1205 0024 00000000 		.4byte	0
 1206 0028 00000000 		.4byte	0
 1207              	.LLST1:
 1208 002c 00000000 		.4byte	.LFB57
 1209 0030 02000000 		.4byte	.LCFI2
 1210 0034 0200     		.2byte	0x2
 1211 0036 7D       		.byte	0x7d
 1212 0037 00       		.sleb128 0
 1213 0038 02000000 		.4byte	.LCFI2
 1214 003c 04000000 		.4byte	.LCFI3
 1215 0040 0200     		.2byte	0x2
 1216 0042 7D       		.byte	0x7d
 1217 0043 0C       		.sleb128 12
 1218 0044 04000000 		.4byte	.LCFI3
 1219 0048 06000000 		.4byte	.LCFI4
 1220 004c 0300     		.2byte	0x3
 1221 004e 7D       		.byte	0x7d
 1222 004f E000     		.sleb128 96
 1223 0051 06000000 		.4byte	.LCFI4
 1224 0055 1C010000 		.4byte	.LFE57
 1225 0059 0300     		.2byte	0x3
 1226 005b 77       		.byte	0x77
 1227 005c E000     		.sleb128 96
 1228 005e 00000000 		.4byte	0
 1229 0062 00000000 		.4byte	0
 1230              	.LLST2:
 1231 0066 00000000 		.4byte	.LFB58
 1232 006a 02000000 		.4byte	.LCFI5
 1233 006e 0200     		.2byte	0x2
 1234 0070 7D       		.byte	0x7d
 1235 0071 00       		.sleb128 0
 1236 0072 02000000 		.4byte	.LCFI5
 1237 0076 04000000 		.4byte	.LCFI6
ARM GAS  C:\Users\Mark\AppData\Local\Temp\ccKvac9C.s 			page 27


 1238 007a 0200     		.2byte	0x2
 1239 007c 7D       		.byte	0x7d
 1240 007d 04       		.sleb128 4
 1241 007e 04000000 		.4byte	.LCFI6
 1242 0082 06000000 		.4byte	.LCFI7
 1243 0086 0200     		.2byte	0x2
 1244 0088 7D       		.byte	0x7d
 1245 0089 18       		.sleb128 24
 1246 008a 06000000 		.4byte	.LCFI7
 1247 008e 46000000 		.4byte	.LFE58
 1248 0092 0200     		.2byte	0x2
 1249 0094 77       		.byte	0x77
 1250 0095 18       		.sleb128 24
 1251 0096 00000000 		.4byte	0
 1252 009a 00000000 		.4byte	0
 1253              	.LLST3:
 1254 009e 00000000 		.4byte	.LFB59
 1255 00a2 02000000 		.4byte	.LCFI8
 1256 00a6 0200     		.2byte	0x2
 1257 00a8 7D       		.byte	0x7d
 1258 00a9 00       		.sleb128 0
 1259 00aa 02000000 		.4byte	.LCFI8
 1260 00ae 04000000 		.4byte	.LCFI9
 1261 00b2 0200     		.2byte	0x2
 1262 00b4 7D       		.byte	0x7d
 1263 00b5 0C       		.sleb128 12
 1264 00b6 04000000 		.4byte	.LCFI9
 1265 00ba 06000000 		.4byte	.LCFI10
 1266 00be 0300     		.2byte	0x3
 1267 00c0 7D       		.byte	0x7d
 1268 00c1 E800     		.sleb128 104
 1269 00c3 06000000 		.4byte	.LCFI10
 1270 00c7 E0010000 		.4byte	.LFE59
 1271 00cb 0300     		.2byte	0x3
 1272 00cd 77       		.byte	0x77
 1273 00ce E800     		.sleb128 104
 1274 00d0 00000000 		.4byte	0
 1275 00d4 00000000 		.4byte	0
 1276              	.LLST4:
 1277 00d8 00000000 		.4byte	.LFB60
 1278 00dc 02000000 		.4byte	.LCFI11
 1279 00e0 0200     		.2byte	0x2
 1280 00e2 7D       		.byte	0x7d
 1281 00e3 00       		.sleb128 0
 1282 00e4 02000000 		.4byte	.LCFI11
 1283 00e8 04000000 		.4byte	.LCFI12
 1284 00ec 0200     		.2byte	0x2
 1285 00ee 7D       		.byte	0x7d
 1286 00ef 08       		.sleb128 8
 1287 00f0 04000000 		.4byte	.LCFI12
 1288 00f4 06000000 		.4byte	.LCFI13
 1289 00f8 0200     		.2byte	0x2
 1290 00fa 7D       		.byte	0x7d
 1291 00fb 10       		.sleb128 16
 1292 00fc 06000000 		.4byte	.LCFI13
 1293 0100 2C000000 		.4byte	.LFE60
 1294 0104 0200     		.2byte	0x2
ARM GAS  C:\Users\Mark\AppData\Local\Temp\ccKvac9C.s 			page 28


 1295 0106 77       		.byte	0x77
 1296 0107 10       		.sleb128 16
 1297 0108 00000000 		.4byte	0
 1298 010c 00000000 		.4byte	0
 1299              		.section	.debug_aranges,"",%progbits
 1300 0000 3C000000 		.4byte	0x3c
 1301 0004 0200     		.2byte	0x2
 1302 0006 00000000 		.4byte	.Ldebug_info0
 1303 000a 04       		.byte	0x4
 1304 000b 00       		.byte	0
 1305 000c 0000     		.2byte	0
 1306 000e 0000     		.2byte	0
 1307 0010 00000000 		.4byte	.LFB56
 1308 0014 3E000000 		.4byte	.LFE56-.LFB56
 1309 0018 00000000 		.4byte	.LFB57
 1310 001c 1C010000 		.4byte	.LFE57-.LFB57
 1311 0020 00000000 		.4byte	.LFB58
 1312 0024 46000000 		.4byte	.LFE58-.LFB58
 1313 0028 00000000 		.4byte	.LFB59
 1314 002c E0010000 		.4byte	.LFE59-.LFB59
 1315 0030 00000000 		.4byte	.LFB60
 1316 0034 2C000000 		.4byte	.LFE60-.LFB60
 1317 0038 00000000 		.4byte	0
 1318 003c 00000000 		.4byte	0
 1319              		.section	.debug_ranges,"",%progbits
 1320              	.Ldebug_ranges0:
 1321 0000 00000000 		.4byte	.LFB56
 1322 0004 3E000000 		.4byte	.LFE56
 1323 0008 00000000 		.4byte	.LFB57
 1324 000c 1C010000 		.4byte	.LFE57
 1325 0010 00000000 		.4byte	.LFB58
 1326 0014 46000000 		.4byte	.LFE58
 1327 0018 00000000 		.4byte	.LFB59
 1328 001c E0010000 		.4byte	.LFE59
 1329 0020 00000000 		.4byte	.LFB60
 1330 0024 2C000000 		.4byte	.LFE60
 1331 0028 00000000 		.4byte	0
 1332 002c 00000000 		.4byte	0
 1333              		.section	.debug_line,"",%progbits
 1334              	.Ldebug_line0:
 1335 0000 E8010000 		.section	.debug_str,"MS",%progbits,1
 1335      0200F900 
 1335      00000201 
 1335      FB0E0D00 
 1335      01010101 
 1336              	.LASF20:
 1337 0000 4C494E58 		.ascii	"LINX_GetCommand\000"
 1337      5F476574 
 1337      436F6D6D 
 1337      616E6400 
 1338              	.LASF19:
 1339 0010 5F426F6F 		.ascii	"_Bool\000"
 1339      6C00
 1340              	.LASF22:
 1341 0016 636F6D6D 		.ascii	"command\000"
 1341      616E6400 
 1342              	.LASF13:
ARM GAS  C:\Users\Mark\AppData\Local\Temp\ccKvac9C.s 			page 29


 1343 001e 646F7562 		.ascii	"double\000"
 1343      6C6500
 1344              	.LASF27:
 1345 0025 73746174 		.ascii	"status\000"
 1345      757300
 1346              	.LASF12:
 1347 002c 666C6F61 		.ascii	"float\000"
 1347      7400
 1348              	.LASF25:
 1349 0032 63686563 		.ascii	"checksum\000"
 1349      6B73756D 
 1349      00
 1350              	.LASF34:
 1351 003b 433A5C55 		.ascii	"C:\\Users\\Mark\\Documents\\Capstone\\GitRepo\\psoc"
 1351      73657273 
 1351      5C4D6172 
 1351      6B5C446F 
 1351      63756D65 
 1352 0068 5F325F70 		.ascii	"_2_pi\\PSoC Creator\\PSoC_2_Pi.cydsn\000"
 1352      695C5053 
 1352      6F432043 
 1352      72656174 
 1352      6F725C50 
 1353              	.LASF1:
 1354 008b 756E7369 		.ascii	"unsigned char\000"
 1354      676E6564 
 1354      20636861 
 1354      7200
 1355              	.LASF16:
 1356 0099 64656275 		.ascii	"debug_str\000"
 1356      675F7374 
 1356      7200
 1357              	.LASF5:
 1358 00a3 6C6F6E67 		.ascii	"long unsigned int\000"
 1358      20756E73 
 1358      69676E65 
 1358      6420696E 
 1358      7400
 1359              	.LASF24:
 1360 00b5 62756666 		.ascii	"buffer_len\000"
 1360      65725F6C 
 1360      656E00
 1361              	.LASF3:
 1362 00c0 73686F72 		.ascii	"short unsigned int\000"
 1362      7420756E 
 1362      7369676E 
 1362      65642069 
 1362      6E7400
 1363              	.LASF36:
 1364 00d3 49544D5F 		.ascii	"ITM_RxBuffer\000"
 1364      52784275 
 1364      66666572 
 1364      00
 1365              	.LASF18:
 1366 00e0 636F6D6D 		.ascii	"command_len\000"
 1366      616E645F 
 1366      6C656E00 
ARM GAS  C:\Users\Mark\AppData\Local\Temp\ccKvac9C.s 			page 30


 1367              	.LASF21:
 1368 00ec 4C494E58 		.ascii	"LINX_CalculateChecksum\000"
 1368      5F43616C 
 1368      63756C61 
 1368      74654368 
 1368      65636B73 
 1369              	.LASF30:
 1370 0103 4C494E58 		.ascii	"LINX_ProcessCommand\000"
 1370      5F50726F 
 1370      63657373 
 1370      436F6D6D 
 1370      616E6400 
 1371              	.LASF11:
 1372 0117 75696E74 		.ascii	"uint16\000"
 1372      313600
 1373              	.LASF8:
 1374 011e 756E7369 		.ascii	"unsigned int\000"
 1374      676E6564 
 1374      20696E74 
 1374      00
 1375              	.LASF7:
 1376 012b 6C6F6E67 		.ascii	"long long unsigned int\000"
 1376      206C6F6E 
 1376      6720756E 
 1376      7369676E 
 1376      65642069 
 1377              	.LASF35:
 1378 0142 4C494E58 		.ascii	"LINX_Initialize\000"
 1378      5F496E69 
 1378      7469616C 
 1378      697A6500 
 1379              	.LASF26:
 1380 0152 72657370 		.ascii	"response\000"
 1380      6F6E7365 
 1380      00
 1381              	.LASF9:
 1382 015b 696E7433 		.ascii	"int32_t\000"
 1382      325F7400 
 1383              	.LASF15:
 1384 0163 73697A65 		.ascii	"sizetype\000"
 1384      74797065 
 1384      00
 1385              	.LASF6:
 1386 016c 6C6F6E67 		.ascii	"long long int\000"
 1386      206C6F6E 
 1386      6720696E 
 1386      7400
 1387              	.LASF14:
 1388 017a 63686172 		.ascii	"char\000"
 1388      00
 1389              	.LASF2:
 1390 017f 73686F72 		.ascii	"short int\000"
 1390      7420696E 
 1390      7400
 1391              	.LASF23:
 1392 0189 62756666 		.ascii	"buffer\000"
 1392      657200
ARM GAS  C:\Users\Mark\AppData\Local\Temp\ccKvac9C.s 			page 31


 1393              	.LASF10:
 1394 0190 75696E74 		.ascii	"uint8\000"
 1394      3800
 1395              	.LASF32:
 1396 0196 474E5520 		.ascii	"GNU C 4.7.3 20130312 (release) [ARM/embedded-4_7-br"
 1396      4320342E 
 1396      372E3320 
 1396      32303133 
 1396      30333132 
 1397 01c9 616E6368 		.ascii	"anch revision 196615]\000"
 1397      20726576 
 1397      6973696F 
 1397      6E203139 
 1397      36363135 
 1398              	.LASF4:
 1399 01df 6C6F6E67 		.ascii	"long int\000"
 1399      20696E74 
 1399      00
 1400              	.LASF28:
 1401 01e8 72657370 		.ascii	"response_data\000"
 1401      6F6E7365 
 1401      5F646174 
 1401      6100
 1402              	.LASF0:
 1403 01f6 7369676E 		.ascii	"signed char\000"
 1403      65642063 
 1403      68617200 
 1404              	.LASF29:
 1405 0202 72657370 		.ascii	"response_data_len\000"
 1405      6F6E7365 
 1405      5F646174 
 1405      615F6C65 
 1405      6E00
 1406              	.LASF31:
 1407 0214 4C494E58 		.ascii	"LINX_SendResponse\000"
 1407      5F53656E 
 1407      64526573 
 1407      706F6E73 
 1407      6500
 1408              	.LASF33:
 1409 0226 2E5C4C49 		.ascii	".\\LINX.c\000"
 1409      4E582E63 
 1409      00
 1410              	.LASF17:
 1411 022f 64656275 		.ascii	"debug_str_len\000"
 1411      675F7374 
 1411      725F6C65 
 1411      6E00
 1412              		.ident	"GCC: (GNU Tools for ARM Embedded Processors) 4.7.3 20130312 (release) [ARM/embedded-4_7-br
